<?xml version="1.0" encoding="UTF-8"?>
<testsuite xmlns:xsi="http://www.w3.org/2001/XMLSchema-instance" xsi:noNamespaceSchemaLocation="https://maven.apache.org/surefire/maven-surefire-plugin/xsd/surefire-test-report.xsd" version="3.0.2" name="com.pessoas.Case.Pessoas.infra.adapter.AvaliacaoRepositoryAdapterTest" time="1.243" tests="9" errors="0" skipped="0" failures="0">
  <properties>
[...]
</properties>
  <testcase name="buscarPorMatriculaENumero_QuandoAmbasExistem_RetornaAvaliacaoCompleta" classname="com.pessoas.Case.Pessoas.infra.adapter.AvaliacaoRepositoryAdapterTest" time="1.085">
    <system-out><![CDATA[2025-10-26T21:09:27.339-03:00  INFO 16440 --- [Case-Pessoas] [           main] c.p.C.P.i.a.AvaliacaoRepositoryAdapter   : Buscando avaliação no banco para MAT01/2024
2025-10-26T21:09:27.340-03:00 DEBUG 16440 --- [Case-Pessoas] [           main] c.p.C.P.i.a.AvaliacaoRepositoryAdapter   : Buscando AvaliacaoComportamentalEntity para ID: com.pessoas.Case.Pessoas.infra.persistence.AvaliacaoId@87201488
2025-10-26T21:09:27.340-03:00 DEBUG 16440 --- [Case-Pessoas] [           main] c.p.C.P.i.a.AvaliacaoRepositoryAdapter   : Buscando AvaliacaoEntregaEntity para ID: com.pessoas.Case.Pessoas.infra.persistence.AvaliacaoId@87201488
2025-10-26T21:09:27.340-03:00 DEBUG 16440 --- [Case-Pessoas] [           main] c.p.C.P.i.a.AvaliacaoRepositoryAdapter   : Mapeando entidades encontradas para o modelo de domínio Avaliacao para MAT01/2024
2025-10-26T21:09:27.343-03:00  INFO 16440 --- [Case-Pessoas] [           main] c.p.C.P.i.a.AvaliacaoRepositoryAdapter   : Avaliação reconstruída com sucesso para MAT01/2024
]]></system-out>
  </testcase>
  <testcase name="salvar_QuandoCompletaENova_CriaAmbasEntidades" classname="com.pessoas.Case.Pessoas.infra.adapter.AvaliacaoRepositoryAdapterTest" time="0.025">
    <system-out><![CDATA[2025-10-26T21:09:27.355-03:00 DEBUG 16440 --- [Case-Pessoas] [           main] c.p.C.P.i.a.AvaliacaoRepositoryAdapter   : Buscando ColaboradorEntity para matrícula: MAT01
2025-10-26T21:09:27.355-03:00 DEBUG 16440 --- [Case-Pessoas] [           main] c.p.C.P.i.a.AvaliacaoRepositoryAdapter   : ColaboradorEntity encontrado para matrícula: MAT01
2025-10-26T21:09:27.355-03:00 DEBUG 16440 --- [Case-Pessoas] [           main] c.p.C.P.i.a.AvaliacaoRepositoryAdapter   : Verificando se AvaliacaoComportamentalEntity já existe para ID: com.pessoas.Case.Pessoas.infra.persistence.AvaliacaoId@87201488
2025-10-26T21:09:27.355-03:00 DEBUG 16440 --- [Case-Pessoas] [           main] c.p.C.P.i.a.AvaliacaoRepositoryAdapter   : AvaliacaoComportamentalEntity não encontrada para ID: com.pessoas.Case.Pessoas.infra.persistence.AvaliacaoId@87201488
2025-10-26T21:09:27.355-03:00 DEBUG 16440 --- [Case-Pessoas] [           main] c.p.C.P.i.a.AvaliacaoRepositoryAdapter   : Mapeando Avaliacao (domain) para AvaliacaoComportamentalEntity para ID: com.pessoas.Case.Pessoas.infra.persistence.AvaliacaoId@87201488
2025-10-26T21:09:27.355-03:00 DEBUG 16440 --- [Case-Pessoas] [           main] c.p.C.P.i.a.AvaliacaoRepositoryAdapter   : Mapeamento toEntityComportamental finalizado.
2025-10-26T21:09:27.355-03:00 DEBUG 16440 --- [Case-Pessoas] [           main] c.p.C.P.i.a.AvaliacaoRepositoryAdapter   : Executando save/update em avaliacoes_comportamentais para MAT01/2024
2025-10-26T21:09:27.355-03:00 DEBUG 16440 --- [Case-Pessoas] [           main] c.p.C.P.i.a.AvaliacaoRepositoryAdapter   : Verificando se AvaliacaoEntregaEntity já existe para ID: com.pessoas.Case.Pessoas.infra.persistence.AvaliacaoId@87201488
2025-10-26T21:09:27.355-03:00 DEBUG 16440 --- [Case-Pessoas] [           main] c.p.C.P.i.a.AvaliacaoRepositoryAdapter   : AvaliacaoEntregaEntity não encontrada para ID: com.pessoas.Case.Pessoas.infra.persistence.AvaliacaoId@87201488
2025-10-26T21:09:27.360-03:00 DEBUG 16440 --- [Case-Pessoas] [           main] c.p.C.P.i.a.AvaliacaoRepositoryAdapter   : Mapeando Avaliacao (domain) para AvaliacaoEntregaEntity para ID: com.pessoas.Case.Pessoas.infra.persistence.AvaliacaoId@87201488
2025-10-26T21:09:27.361-03:00 DEBUG 16440 --- [Case-Pessoas] [           main] c.p.C.P.i.a.AvaliacaoRepositoryAdapter   : Resultado do mapeamento toEntityEntrega para ID com.pessoas.Case.Pessoas.infra.persistence.AvaliacaoId@87201488: Entidade pronta para salvar/atualizar (desafios cascade)
2025-10-26T21:09:27.361-03:00 DEBUG 16440 --- [Case-Pessoas] [           main] c.p.C.P.i.a.AvaliacaoRepositoryAdapter   : Executando save/update em avaliacoes_entregas (e desafios via cascade) para ID: com.pessoas.Case.Pessoas.infra.persistence.AvaliacaoId@87201488
2025-10-26T21:09:27.361-03:00  INFO 16440 --- [Case-Pessoas] [           main] c.p.C.P.i.a.AvaliacaoRepositoryAdapter   : Persistência da avaliação finalizada com sucesso para MAT01/2024
2025-10-26T21:09:27.361-03:00  INFO 16440 --- [Case-Pessoas] [           main] c.p.C.P.i.a.AvaliacaoRepositoryAdapter   : Buscando avaliação no banco para MAT01/2024
2025-10-26T21:09:27.361-03:00 DEBUG 16440 --- [Case-Pessoas] [           main] c.p.C.P.i.a.AvaliacaoRepositoryAdapter   : Buscando AvaliacaoComportamentalEntity para ID: com.pessoas.Case.Pessoas.infra.persistence.AvaliacaoId@87201488
2025-10-26T21:09:27.363-03:00 DEBUG 16440 --- [Case-Pessoas] [           main] c.p.C.P.i.a.AvaliacaoRepositoryAdapter   : Buscando AvaliacaoEntregaEntity para ID: com.pessoas.Case.Pessoas.infra.persistence.AvaliacaoId@87201488
2025-10-26T21:09:27.363-03:00 DEBUG 16440 --- [Case-Pessoas] [           main] c.p.C.P.i.a.AvaliacaoRepositoryAdapter   : Mapeando entidades encontradas para o modelo de domínio Avaliacao para MAT01/2024
2025-10-26T21:09:27.365-03:00  INFO 16440 --- [Case-Pessoas] [           main] c.p.C.P.i.a.AvaliacaoRepositoryAdapter   : Avaliação reconstruída com sucesso para MAT01/2024
]]></system-out>
  </testcase>
  <testcase name="buscarPorMatriculaENumero_QuandoSoCompExiste_RetornaAvaliacaoParcial" classname="com.pessoas.Case.Pessoas.infra.adapter.AvaliacaoRepositoryAdapterTest" time="0.013">
    <system-out><![CDATA[2025-10-26T21:09:27.379-03:00  INFO 16440 --- [Case-Pessoas] [           main] c.p.C.P.i.a.AvaliacaoRepositoryAdapter   : Buscando avaliação no banco para MAT01/2024
2025-10-26T21:09:27.379-03:00 DEBUG 16440 --- [Case-Pessoas] [           main] c.p.C.P.i.a.AvaliacaoRepositoryAdapter   : Buscando AvaliacaoComportamentalEntity para ID: com.pessoas.Case.Pessoas.infra.persistence.AvaliacaoId@87201488
2025-10-26T21:09:27.379-03:00 DEBUG 16440 --- [Case-Pessoas] [           main] c.p.C.P.i.a.AvaliacaoRepositoryAdapter   : Buscando AvaliacaoEntregaEntity para ID: com.pessoas.Case.Pessoas.infra.persistence.AvaliacaoId@87201488
2025-10-26T21:09:27.382-03:00 DEBUG 16440 --- [Case-Pessoas] [           main] c.p.C.P.i.a.AvaliacaoRepositoryAdapter   : Mapeando entidades encontradas para o modelo de domínio Avaliacao para MAT01/2024
2025-10-26T21:09:27.382-03:00  INFO 16440 --- [Case-Pessoas] [           main] c.p.C.P.i.a.AvaliacaoRepositoryAdapter   : Avaliação reconstruída com sucesso para MAT01/2024
]]></system-out>
  </testcase>
  <testcase name="salvar_QuandoRemoveEntregas_DeletaEntregaEntidade" classname="com.pessoas.Case.Pessoas.infra.adapter.AvaliacaoRepositoryAdapterTest" time="0.015">
    <system-out><![CDATA[2025-10-26T21:09:27.401-03:00 DEBUG 16440 --- [Case-Pessoas] [           main] c.p.C.P.i.a.AvaliacaoRepositoryAdapter   : Buscando ColaboradorEntity para matrícula: MAT01
2025-10-26T21:09:27.401-03:00 DEBUG 16440 --- [Case-Pessoas] [           main] c.p.C.P.i.a.AvaliacaoRepositoryAdapter   : ColaboradorEntity encontrado para matrícula: MAT01
2025-10-26T21:09:27.401-03:00 DEBUG 16440 --- [Case-Pessoas] [           main] c.p.C.P.i.a.AvaliacaoRepositoryAdapter   : Verificando se AvaliacaoComportamentalEntity já existe para ID: com.pessoas.Case.Pessoas.infra.persistence.AvaliacaoId@87201488
2025-10-26T21:09:27.403-03:00 DEBUG 16440 --- [Case-Pessoas] [           main] c.p.C.P.i.a.AvaliacaoRepositoryAdapter   : AvaliacaoComportamentalEntity não encontrada para ID: com.pessoas.Case.Pessoas.infra.persistence.AvaliacaoId@87201488
2025-10-26T21:09:27.403-03:00 DEBUG 16440 --- [Case-Pessoas] [           main] c.p.C.P.i.a.AvaliacaoRepositoryAdapter   : Mapeando Avaliacao (domain) para AvaliacaoComportamentalEntity para ID: com.pessoas.Case.Pessoas.infra.persistence.AvaliacaoId@87201488
2025-10-26T21:09:27.403-03:00 DEBUG 16440 --- [Case-Pessoas] [           main] c.p.C.P.i.a.AvaliacaoRepositoryAdapter   : Mapeamento toEntityComportamental finalizado.
2025-10-26T21:09:27.403-03:00 DEBUG 16440 --- [Case-Pessoas] [           main] c.p.C.P.i.a.AvaliacaoRepositoryAdapter   : Executando save/update em avaliacoes_comportamentais para MAT01/2024
2025-10-26T21:09:27.403-03:00 DEBUG 16440 --- [Case-Pessoas] [           main] c.p.C.P.i.a.AvaliacaoRepositoryAdapter   : Verificando se AvaliacaoEntregaEntity já existe para ID: com.pessoas.Case.Pessoas.infra.persistence.AvaliacaoId@87201488
2025-10-26T21:09:27.403-03:00 DEBUG 16440 --- [Case-Pessoas] [           main] c.p.C.P.i.a.AvaliacaoRepositoryAdapter   : AvaliacaoEntregaEntity encontrada para ID: com.pessoas.Case.Pessoas.infra.persistence.AvaliacaoId@87201488
2025-10-26T21:09:27.403-03:00 DEBUG 16440 --- [Case-Pessoas] [           main] c.p.C.P.i.a.AvaliacaoRepositoryAdapter   : Mapeando Avaliacao (domain) para AvaliacaoEntregaEntity para ID: com.pessoas.Case.Pessoas.infra.persistence.AvaliacaoId@87201488
2025-10-26T21:09:27.403-03:00 DEBUG 16440 --- [Case-Pessoas] [           main] c.p.C.P.i.a.AvaliacaoRepositoryAdapter   : Resultado do mapeamento toEntityEntrega para ID com.pessoas.Case.Pessoas.infra.persistence.AvaliacaoId@87201488: Entidade nula (sem desafios no domínio)
2025-10-26T21:09:27.403-03:00 DEBUG 16440 --- [Case-Pessoas] [           main] c.p.C.P.i.a.AvaliacaoRepositoryAdapter   : Executando delete em avaliacoes_entregas (e desafios via cascade) para ID: com.pessoas.Case.Pessoas.infra.persistence.AvaliacaoId@87201488
2025-10-26T21:09:27.403-03:00  INFO 16440 --- [Case-Pessoas] [           main] c.p.C.P.i.a.AvaliacaoRepositoryAdapter   : Persistência da avaliação finalizada com sucesso para MAT01/2024
2025-10-26T21:09:27.403-03:00  INFO 16440 --- [Case-Pessoas] [           main] c.p.C.P.i.a.AvaliacaoRepositoryAdapter   : Buscando avaliação no banco para MAT01/2024
2025-10-26T21:09:27.403-03:00 DEBUG 16440 --- [Case-Pessoas] [           main] c.p.C.P.i.a.AvaliacaoRepositoryAdapter   : Buscando AvaliacaoComportamentalEntity para ID: com.pessoas.Case.Pessoas.infra.persistence.AvaliacaoId@87201488
2025-10-26T21:09:27.403-03:00 DEBUG 16440 --- [Case-Pessoas] [           main] c.p.C.P.i.a.AvaliacaoRepositoryAdapter   : Buscando AvaliacaoEntregaEntity para ID: com.pessoas.Case.Pessoas.infra.persistence.AvaliacaoId@87201488
2025-10-26T21:09:27.403-03:00 DEBUG 16440 --- [Case-Pessoas] [           main] c.p.C.P.i.a.AvaliacaoRepositoryAdapter   : Mapeando entidades encontradas para o modelo de domínio Avaliacao para MAT01/2024
2025-10-26T21:09:27.403-03:00  INFO 16440 --- [Case-Pessoas] [           main] c.p.C.P.i.a.AvaliacaoRepositoryAdapter   : Avaliação reconstruída com sucesso para MAT01/2024
]]></system-out>
  </testcase>
  <testcase name="salvar_QuandoColaboradorNaoExiste_LancaExcecao" classname="com.pessoas.Case.Pessoas.infra.adapter.AvaliacaoRepositoryAdapterTest" time="0.023">
    <system-out><![CDATA[2025-10-26T21:09:27.422-03:00 DEBUG 16440 --- [Case-Pessoas] [           main] c.p.C.P.i.a.AvaliacaoRepositoryAdapter   : Buscando ColaboradorEntity para matrícula: MAT01
2025-10-26T21:09:27.422-03:00 ERROR 16440 --- [Case-Pessoas] [           main] c.p.C.P.i.a.AvaliacaoRepositoryAdapter   : Colaborador MAT01 não encontrado! Impossível salvar/atualizar avaliação 2024.
]]></system-out>
  </testcase>
  <testcase name="buscarPorMatricula_QuandoNaoExistemAvaliacoes_RetornaListaVazia" classname="com.pessoas.Case.Pessoas.infra.adapter.AvaliacaoRepositoryAdapterTest" time="0.018">
    <system-out><![CDATA[2025-10-26T21:09:27.437-03:00  INFO 16440 --- [Case-Pessoas] [           main] c.p.C.P.i.a.AvaliacaoRepositoryAdapter   : Buscando histórico de avaliações no banco para matrícula MAT01
2025-10-26T21:09:27.439-03:00 DEBUG 16440 --- [Case-Pessoas] [           main] c.p.C.P.i.a.AvaliacaoRepositoryAdapter   : Buscando todas AvaliacaoComportamentalEntity para matrícula MAT01
2025-10-26T21:09:27.439-03:00 DEBUG 16440 --- [Case-Pessoas] [           main] c.p.C.P.i.a.AvaliacaoRepositoryAdapter   : Encontradas 0 partes comportamentais para matrícula MAT01
2025-10-26T21:09:27.439-03:00 DEBUG 16440 --- [Case-Pessoas] [           main] c.p.C.P.i.a.AvaliacaoRepositoryAdapter   : Buscando todas AvaliacaoEntregaEntity para matrícula MAT01
2025-10-26T21:09:27.439-03:00 DEBUG 16440 --- [Case-Pessoas] [           main] c.p.C.P.i.a.AvaliacaoRepositoryAdapter   : Encontradas 0 partes de entrega para matrícula MAT01
2025-10-26T21:09:27.439-03:00 DEBUG 16440 --- [Case-Pessoas] [           main] c.p.C.P.i.a.AvaliacaoRepositoryAdapter   : Agrupando entidades por 'numero' para matrícula MAT01
2025-10-26T21:09:27.443-03:00 DEBUG 16440 --- [Case-Pessoas] [           main] c.p.C.P.i.a.AvaliacaoRepositoryAdapter   : Encontrados 0 'numeros' de avaliação únicos para matrícula MAT01
2025-10-26T21:09:27.443-03:00 DEBUG 16440 --- [Case-Pessoas] [           main] c.p.C.P.i.a.AvaliacaoRepositoryAdapter   : Reconstruindo objetos Avaliacao (domain) para matrícula MAT01
2025-10-26T21:09:27.446-03:00  INFO 16440 --- [Case-Pessoas] [           main] c.p.C.P.i.a.AvaliacaoRepositoryAdapter   : Histórico de 0 avaliações reconstruído com sucesso para matrícula MAT01
]]></system-out>
  </testcase>
  <testcase name="salvar_QuandoSoComportamentalENova_CriaSoCompEntidade" classname="com.pessoas.Case.Pessoas.infra.adapter.AvaliacaoRepositoryAdapterTest" time="0.02">
    <system-out><![CDATA[2025-10-26T21:09:27.460-03:00 DEBUG 16440 --- [Case-Pessoas] [           main] c.p.C.P.i.a.AvaliacaoRepositoryAdapter   : Buscando ColaboradorEntity para matrícula: MAT01
2025-10-26T21:09:27.462-03:00 DEBUG 16440 --- [Case-Pessoas] [           main] c.p.C.P.i.a.AvaliacaoRepositoryAdapter   : ColaboradorEntity encontrado para matrícula: MAT01
2025-10-26T21:09:27.462-03:00 DEBUG 16440 --- [Case-Pessoas] [           main] c.p.C.P.i.a.AvaliacaoRepositoryAdapter   : Verificando se AvaliacaoComportamentalEntity já existe para ID: com.pessoas.Case.Pessoas.infra.persistence.AvaliacaoId@87201488
2025-10-26T21:09:27.462-03:00 DEBUG 16440 --- [Case-Pessoas] [           main] c.p.C.P.i.a.AvaliacaoRepositoryAdapter   : AvaliacaoComportamentalEntity não encontrada para ID: com.pessoas.Case.Pessoas.infra.persistence.AvaliacaoId@87201488
2025-10-26T21:09:27.462-03:00 DEBUG 16440 --- [Case-Pessoas] [           main] c.p.C.P.i.a.AvaliacaoRepositoryAdapter   : Mapeando Avaliacao (domain) para AvaliacaoComportamentalEntity para ID: com.pessoas.Case.Pessoas.infra.persistence.AvaliacaoId@87201488
2025-10-26T21:09:27.463-03:00 DEBUG 16440 --- [Case-Pessoas] [           main] c.p.C.P.i.a.AvaliacaoRepositoryAdapter   : Mapeamento toEntityComportamental finalizado.
2025-10-26T21:09:27.464-03:00 DEBUG 16440 --- [Case-Pessoas] [           main] c.p.C.P.i.a.AvaliacaoRepositoryAdapter   : Executando save/update em avaliacoes_comportamentais para MAT01/2024
2025-10-26T21:09:27.464-03:00 DEBUG 16440 --- [Case-Pessoas] [           main] c.p.C.P.i.a.AvaliacaoRepositoryAdapter   : Verificando se AvaliacaoEntregaEntity já existe para ID: com.pessoas.Case.Pessoas.infra.persistence.AvaliacaoId@87201488
2025-10-26T21:09:27.464-03:00 DEBUG 16440 --- [Case-Pessoas] [           main] c.p.C.P.i.a.AvaliacaoRepositoryAdapter   : AvaliacaoEntregaEntity não encontrada para ID: com.pessoas.Case.Pessoas.infra.persistence.AvaliacaoId@87201488
2025-10-26T21:09:27.464-03:00 DEBUG 16440 --- [Case-Pessoas] [           main] c.p.C.P.i.a.AvaliacaoRepositoryAdapter   : Mapeando Avaliacao (domain) para AvaliacaoEntregaEntity para ID: com.pessoas.Case.Pessoas.infra.persistence.AvaliacaoId@87201488
2025-10-26T21:09:27.466-03:00 DEBUG 16440 --- [Case-Pessoas] [           main] c.p.C.P.i.a.AvaliacaoRepositoryAdapter   : Resultado do mapeamento toEntityEntrega para ID com.pessoas.Case.Pessoas.infra.persistence.AvaliacaoId@87201488: Entidade nula (sem desafios no domínio)
2025-10-26T21:09:27.466-03:00  INFO 16440 --- [Case-Pessoas] [           main] c.p.C.P.i.a.AvaliacaoRepositoryAdapter   : Persistência da avaliação finalizada com sucesso para MAT01/2024
2025-10-26T21:09:27.466-03:00  INFO 16440 --- [Case-Pessoas] [           main] c.p.C.P.i.a.AvaliacaoRepositoryAdapter   : Buscando avaliação no banco para MAT01/2024
2025-10-26T21:09:27.466-03:00 DEBUG 16440 --- [Case-Pessoas] [           main] c.p.C.P.i.a.AvaliacaoRepositoryAdapter   : Buscando AvaliacaoComportamentalEntity para ID: com.pessoas.Case.Pessoas.infra.persistence.AvaliacaoId@87201488
2025-10-26T21:09:27.466-03:00 DEBUG 16440 --- [Case-Pessoas] [           main] c.p.C.P.i.a.AvaliacaoRepositoryAdapter   : Buscando AvaliacaoEntregaEntity para ID: com.pessoas.Case.Pessoas.infra.persistence.AvaliacaoId@87201488
2025-10-26T21:09:27.468-03:00 DEBUG 16440 --- [Case-Pessoas] [           main] c.p.C.P.i.a.AvaliacaoRepositoryAdapter   : Mapeando entidades encontradas para o modelo de domínio Avaliacao para MAT01/2024
2025-10-26T21:09:27.468-03:00  INFO 16440 --- [Case-Pessoas] [           main] c.p.C.P.i.a.AvaliacaoRepositoryAdapter   : Avaliação reconstruída com sucesso para MAT01/2024
]]></system-out>
  </testcase>
  <testcase name="buscarPorMatricula_QuandoExistemAvaliacoes_RetornaLista" classname="com.pessoas.Case.Pessoas.infra.adapter.AvaliacaoRepositoryAdapterTest" time="0.024">
    <system-out><![CDATA[2025-10-26T21:09:27.487-03:00  INFO 16440 --- [Case-Pessoas] [           main] c.p.C.P.i.a.AvaliacaoRepositoryAdapter   : Buscando histórico de avaliações no banco para matrícula MAT01
2025-10-26T21:09:27.490-03:00 DEBUG 16440 --- [Case-Pessoas] [           main] c.p.C.P.i.a.AvaliacaoRepositoryAdapter   : Buscando todas AvaliacaoComportamentalEntity para matrícula MAT01
2025-10-26T21:09:27.490-03:00 DEBUG 16440 --- [Case-Pessoas] [           main] c.p.C.P.i.a.AvaliacaoRepositoryAdapter   : Encontradas 1 partes comportamentais para matrícula MAT01
2025-10-26T21:09:27.490-03:00 DEBUG 16440 --- [Case-Pessoas] [           main] c.p.C.P.i.a.AvaliacaoRepositoryAdapter   : Buscando todas AvaliacaoEntregaEntity para matrícula MAT01
2025-10-26T21:09:27.490-03:00 DEBUG 16440 --- [Case-Pessoas] [           main] c.p.C.P.i.a.AvaliacaoRepositoryAdapter   : Encontradas 1 partes de entrega para matrícula MAT01
2025-10-26T21:09:27.490-03:00 DEBUG 16440 --- [Case-Pessoas] [           main] c.p.C.P.i.a.AvaliacaoRepositoryAdapter   : Agrupando entidades por 'numero' para matrícula MAT01
2025-10-26T21:09:27.490-03:00 DEBUG 16440 --- [Case-Pessoas] [           main] c.p.C.P.i.a.AvaliacaoRepositoryAdapter   : Encontrados 2 'numeros' de avaliação únicos para matrícula MAT01
2025-10-26T21:09:27.490-03:00 DEBUG 16440 --- [Case-Pessoas] [           main] c.p.C.P.i.a.AvaliacaoRepositoryAdapter   : Reconstruindo objetos Avaliacao (domain) para matrícula MAT01
2025-10-26T21:09:27.490-03:00  INFO 16440 --- [Case-Pessoas] [           main] c.p.C.P.i.a.AvaliacaoRepositoryAdapter   : Histórico de 2 avaliações reconstruído com sucesso para matrícula MAT01
]]></system-out>
  </testcase>
  <testcase name="buscarPorMatriculaENumero_QuandoNenhumaParteExiste_RetornaOptionalVazio" classname="com.pessoas.Case.Pessoas.infra.adapter.AvaliacaoRepositoryAdapterTest" time="0.003">
    <system-out><![CDATA[2025-10-26T21:09:27.500-03:00  INFO 16440 --- [Case-Pessoas] [           main] c.p.C.P.i.a.AvaliacaoRepositoryAdapter   : Buscando avaliação no banco para MAT01/2024
2025-10-26T21:09:27.500-03:00 DEBUG 16440 --- [Case-Pessoas] [           main] c.p.C.P.i.a.AvaliacaoRepositoryAdapter   : Buscando AvaliacaoComportamentalEntity para ID: com.pessoas.Case.Pessoas.infra.persistence.AvaliacaoId@87201488
2025-10-26T21:09:27.500-03:00 DEBUG 16440 --- [Case-Pessoas] [           main] c.p.C.P.i.a.AvaliacaoRepositoryAdapter   : Buscando AvaliacaoEntregaEntity para ID: com.pessoas.Case.Pessoas.infra.persistence.AvaliacaoId@87201488
2025-10-26T21:09:27.500-03:00  INFO 16440 --- [Case-Pessoas] [           main] c.p.C.P.i.a.AvaliacaoRepositoryAdapter   : Nenhuma parte da avaliação encontrada para MAT01/2024
]]></system-out>
  </testcase>
</testsuite>